<?xml version="1.0" encoding="UTF-8"?><testsuite errors="0" failures="0" name="com.videogame.videogaminfo.VideoGameCurdTest" skipped="0" tests="5" time="16.64" timestamp="2021-07-20T00:26:36.826+01:00[Europe/London]"><testcase classname="com.videogame.videogaminfo.VideoGameCurdTest" name="This Test wil create new video games"/><testcase classname="com.videogame.videogaminfo.VideoGameCurdTest" name="This test will get video game information by id"/><testcase classname="com.videogame.videogaminfo.VideoGameCurdTest" name="This test will update the video game by existing id"/><testcase classname="com.videogame.videogaminfo.VideoGameCurdTest" name="This test will delete the videogame by id"/><testcase classname="com.videogame.videogaminfo.VideoGameCurdTest" name="This test will get videogame"/></testsuite>